[0.921s] Invoking command in '/home/user/launch_ws/src/py_launch_example': PYTHONPATH=/home/user/launch_ws/build/py_launch_example/prefix_override:/usr/lib/python3/dist-packages/colcon_core/task/python/colcon_distutils_commands:/home/user/launch_ws/install/py_launch_example/lib/python3.10/site-packages:${PYTHONPATH} /usr/bin/python3 -W ignore:setup.py install is deprecated -W ignore:easy_install command is deprecated setup.py egg_info --egg-base ../../build/py_launch_example build --build-base /home/user/launch_ws/build/py_launch_example/build install --record /home/user/launch_ws/build/py_launch_example/install.log --single-version-externally-managed install_data
[1.195s] running egg_info
[1.196s] writing ../../build/py_launch_example/py_launch_example.egg-info/PKG-INFO
[1.196s] writing dependency_links to ../../build/py_launch_example/py_launch_example.egg-info/dependency_links.txt
[1.196s] writing entry points to ../../build/py_launch_example/py_launch_example.egg-info/entry_points.txt
[1.196s] writing requirements to ../../build/py_launch_example/py_launch_example.egg-info/requires.txt
[1.196s] writing top-level names to ../../build/py_launch_example/py_launch_example.egg-info/top_level.txt
[1.228s] adding license file 'LICENSE:Zone.Identifier' (matched pattern 'LICEN[CS]E*')
[1.228s] adding license file 'LICENSE' (matched pattern 'LICEN[CS]E*')
[1.228s] reading manifest file '../../build/py_launch_example/py_launch_example.egg-info/SOURCES.txt'
[1.230s] writing manifest file '../../build/py_launch_example/py_launch_example.egg-info/SOURCES.txt'
[1.230s] running build
[1.230s] running build_py
[1.230s] running install
[1.231s] running install_lib
[1.233s] running install_data
[1.233s] running install_egg_info
[1.235s] removing '/home/user/launch_ws/install/py_launch_example/lib/python3.10/site-packages/py_launch_example-0.0.0-py3.10.egg-info' (and everything under it)
[1.236s] Copying ../../build/py_launch_example/py_launch_example.egg-info to /home/user/launch_ws/install/py_launch_example/lib/python3.10/site-packages/py_launch_example-0.0.0-py3.10.egg-info
[1.237s] running install_scripts
[1.255s] writing list of installed files to '/home/user/launch_ws/build/py_launch_example/install.log'
[1.272s] Invoked command in '/home/user/launch_ws/src/py_launch_example' returned '0': PYTHONPATH=/home/user/launch_ws/build/py_launch_example/prefix_override:/usr/lib/python3/dist-packages/colcon_core/task/python/colcon_distutils_commands:/home/user/launch_ws/install/py_launch_example/lib/python3.10/site-packages:${PYTHONPATH} /usr/bin/python3 -W ignore:setup.py install is deprecated -W ignore:easy_install command is deprecated setup.py egg_info --egg-base ../../build/py_launch_example build --build-base /home/user/launch_ws/build/py_launch_example/build install --record /home/user/launch_ws/build/py_launch_example/install.log --single-version-externally-managed install_data
