[0.498s] Invoking command in '/home/jbittner/robot/launch_ws/src/py_launch_example': PYTHONPATH=/home/jbittner/robot/launch_ws/build/py_launch_example/prefix_override:/usr/lib/python3/dist-packages/colcon_core/task/python/colcon_distutils_commands:/home/jbittner/robot/launch_ws/install/py_launch_example/lib/python3.10/site-packages:${PYTHONPATH} /usr/bin/python3 -W ignore:setup.py install is deprecated -W ignore:easy_install command is deprecated setup.py egg_info --egg-base ../../build/py_launch_example build --build-base /home/jbittner/robot/launch_ws/build/py_launch_example/build install --record /home/jbittner/robot/launch_ws/build/py_launch_example/install.log --single-version-externally-managed install_data
[0.690s] running egg_info
[0.691s] writing ../../build/py_launch_example/py_launch_example.egg-info/PKG-INFO
[0.691s] writing dependency_links to ../../build/py_launch_example/py_launch_example.egg-info/dependency_links.txt
[0.691s] writing entry points to ../../build/py_launch_example/py_launch_example.egg-info/entry_points.txt
[0.691s] writing requirements to ../../build/py_launch_example/py_launch_example.egg-info/requires.txt
[0.691s] writing top-level names to ../../build/py_launch_example/py_launch_example.egg-info/top_level.txt
[0.692s] reading manifest file '../../build/py_launch_example/py_launch_example.egg-info/SOURCES.txt'
[0.692s] adding license file 'LICENSE'
[0.693s] adding license file 'LICENSE:Zone.Identifier'
[0.693s] writing manifest file '../../build/py_launch_example/py_launch_example.egg-info/SOURCES.txt'
[0.693s] running build
[0.693s] running build_py
[0.693s] copying py_launch_example/demo_sweep.py -> /home/jbittner/robot/launch_ws/build/py_launch_example/build/lib/py_launch_example
[0.694s] running install
[0.694s] running install_lib
[0.694s] copying /home/jbittner/robot/launch_ws/build/py_launch_example/build/lib/py_launch_example/demo_sweep.py -> /home/jbittner/robot/launch_ws/install/py_launch_example/lib/python3.10/site-packages/py_launch_example
[0.695s] byte-compiling /home/jbittner/robot/launch_ws/install/py_launch_example/lib/python3.10/site-packages/py_launch_example/demo_sweep.py to demo_sweep.cpython-310.pyc
[0.695s] running install_data
[0.695s] running install_egg_info
[0.697s] removing '/home/jbittner/robot/launch_ws/install/py_launch_example/lib/python3.10/site-packages/py_launch_example-0.0.0-py3.10.egg-info' (and everything under it)
[0.697s] Copying ../../build/py_launch_example/py_launch_example.egg-info to /home/jbittner/robot/launch_ws/install/py_launch_example/lib/python3.10/site-packages/py_launch_example-0.0.0-py3.10.egg-info
[0.698s] running install_scripts
[0.714s] Installing demo_sweep script to /home/jbittner/robot/launch_ws/install/py_launch_example/lib/py_launch_example
[0.714s] writing list of installed files to '/home/jbittner/robot/launch_ws/build/py_launch_example/install.log'
[0.730s] Invoked command in '/home/jbittner/robot/launch_ws/src/py_launch_example' returned '0': PYTHONPATH=/home/jbittner/robot/launch_ws/build/py_launch_example/prefix_override:/usr/lib/python3/dist-packages/colcon_core/task/python/colcon_distutils_commands:/home/jbittner/robot/launch_ws/install/py_launch_example/lib/python3.10/site-packages:${PYTHONPATH} /usr/bin/python3 -W ignore:setup.py install is deprecated -W ignore:easy_install command is deprecated setup.py egg_info --egg-base ../../build/py_launch_example build --build-base /home/jbittner/robot/launch_ws/build/py_launch_example/build install --record /home/jbittner/robot/launch_ws/build/py_launch_example/install.log --single-version-externally-managed install_data
