[0.764s] Invoking command in '/home/jbittner/robot/launch_ws/src/py_launch_example': PYTHONPATH=/home/jbittner/robot/launch_ws/build/py_launch_example/prefix_override:/usr/lib/python3/dist-packages/colcon_core/task/python/colcon_distutils_commands:/home/jbittner/robot/launch_ws/install/py_launch_example/lib/python3.10/site-packages:${PYTHONPATH} /usr/bin/python3 -W ignore:setup.py install is deprecated -W ignore:easy_install command is deprecated setup.py egg_info --egg-base ../../build/py_launch_example build --build-base /home/jbittner/robot/launch_ws/build/py_launch_example/build install --record /home/jbittner/robot/launch_ws/build/py_launch_example/install.log --single-version-externally-managed install_data
[0.959s] running egg_info
[0.960s] writing ../../build/py_launch_example/py_launch_example.egg-info/PKG-INFO
[0.960s] writing dependency_links to ../../build/py_launch_example/py_launch_example.egg-info/dependency_links.txt
[0.960s] writing entry points to ../../build/py_launch_example/py_launch_example.egg-info/entry_points.txt
[0.960s] writing requirements to ../../build/py_launch_example/py_launch_example.egg-info/requires.txt
[0.960s] writing top-level names to ../../build/py_launch_example/py_launch_example.egg-info/top_level.txt
[0.962s] reading manifest file '../../build/py_launch_example/py_launch_example.egg-info/SOURCES.txt'
[0.962s] adding license file 'LICENSE'
[0.962s] adding license file 'LICENSE:Zone.Identifier'
[0.962s] writing manifest file '../../build/py_launch_example/py_launch_example.egg-info/SOURCES.txt'
[0.962s] running build
[0.962s] running build_py
[0.963s] running install
[0.963s] running install_lib
[0.964s] running install_data
[0.964s] copying package.xml -> /home/jbittner/robot/launch_ws/install/py_launch_example/share/py_launch_example
[0.964s] running install_egg_info
[0.965s] removing '/home/jbittner/robot/launch_ws/install/py_launch_example/lib/python3.10/site-packages/py_launch_example-0.0.0-py3.10.egg-info' (and everything under it)
[0.965s] Copying ../../build/py_launch_example/py_launch_example.egg-info to /home/jbittner/robot/launch_ws/install/py_launch_example/lib/python3.10/site-packages/py_launch_example-0.0.0-py3.10.egg-info
[0.966s] running install_scripts
[0.982s] writing list of installed files to '/home/jbittner/robot/launch_ws/build/py_launch_example/install.log'
[0.998s] Invoked command in '/home/jbittner/robot/launch_ws/src/py_launch_example' returned '0': PYTHONPATH=/home/jbittner/robot/launch_ws/build/py_launch_example/prefix_override:/usr/lib/python3/dist-packages/colcon_core/task/python/colcon_distutils_commands:/home/jbittner/robot/launch_ws/install/py_launch_example/lib/python3.10/site-packages:${PYTHONPATH} /usr/bin/python3 -W ignore:setup.py install is deprecated -W ignore:easy_install command is deprecated setup.py egg_info --egg-base ../../build/py_launch_example build --build-base /home/jbittner/robot/launch_ws/build/py_launch_example/build install --record /home/jbittner/robot/launch_ws/build/py_launch_example/install.log --single-version-externally-managed install_data
