[0.734s] Invoking command in '/home/jbittner/robot/launch_ws/src/py_launch_example': PYTHONPATH=/home/jbittner/robot/launch_ws/build/py_launch_example/prefix_override:/usr/lib/python3/dist-packages/colcon_core/task/python/colcon_distutils_commands:/home/jbittner/robot/launch_ws/install/py_launch_example/lib/python3.10/site-packages:${PYTHONPATH} /usr/bin/python3 -W ignore:setup.py install is deprecated -W ignore:easy_install command is deprecated setup.py egg_info --egg-base ../../build/py_launch_example build --build-base /home/jbittner/robot/launch_ws/build/py_launch_example/build install --record /home/jbittner/robot/launch_ws/build/py_launch_example/install.log --single-version-externally-managed install_data
[0.927s] running egg_info
[0.928s] writing ../../build/py_launch_example/py_launch_example.egg-info/PKG-INFO
[0.928s] writing dependency_links to ../../build/py_launch_example/py_launch_example.egg-info/dependency_links.txt
[0.928s] writing entry points to ../../build/py_launch_example/py_launch_example.egg-info/entry_points.txt
[0.929s] writing requirements to ../../build/py_launch_example/py_launch_example.egg-info/requires.txt
[0.929s] writing top-level names to ../../build/py_launch_example/py_launch_example.egg-info/top_level.txt
[0.930s] reading manifest file '../../build/py_launch_example/py_launch_example.egg-info/SOURCES.txt'
[0.930s] adding license file 'LICENSE'
[0.930s] adding license file 'LICENSE:Zone.Identifier'
[0.931s] writing manifest file '../../build/py_launch_example/py_launch_example.egg-info/SOURCES.txt'
[0.931s] running build
[0.931s] running build_py
[0.931s] running install
[0.931s] running install_lib
[0.932s] running install_data
[0.932s] running install_egg_info
[0.934s] removing '/home/jbittner/robot/launch_ws/install/py_launch_example/lib/python3.10/site-packages/py_launch_example-0.0.0-py3.10.egg-info' (and everything under it)
[0.934s] Copying ../../build/py_launch_example/py_launch_example.egg-info to /home/jbittner/robot/launch_ws/install/py_launch_example/lib/python3.10/site-packages/py_launch_example-0.0.0-py3.10.egg-info
[0.936s] running install_scripts
[0.952s] writing list of installed files to '/home/jbittner/robot/launch_ws/build/py_launch_example/install.log'
[0.970s] Invoked command in '/home/jbittner/robot/launch_ws/src/py_launch_example' returned '0': PYTHONPATH=/home/jbittner/robot/launch_ws/build/py_launch_example/prefix_override:/usr/lib/python3/dist-packages/colcon_core/task/python/colcon_distutils_commands:/home/jbittner/robot/launch_ws/install/py_launch_example/lib/python3.10/site-packages:${PYTHONPATH} /usr/bin/python3 -W ignore:setup.py install is deprecated -W ignore:easy_install command is deprecated setup.py egg_info --egg-base ../../build/py_launch_example build --build-base /home/jbittner/robot/launch_ws/build/py_launch_example/build install --record /home/jbittner/robot/launch_ws/build/py_launch_example/install.log --single-version-externally-managed install_data
