[0.911s] Invoking command in '/home/user/launch_ws/src/py_launch_example': PYTHONPATH=/home/user/launch_ws/build/py_launch_example/prefix_override:/usr/lib/python3/dist-packages/colcon_core/task/python/colcon_distutils_commands:/home/user/launch_ws/install/py_launch_example/lib/python3.10/site-packages:${PYTHONPATH} /usr/bin/python3 -W ignore:setup.py install is deprecated -W ignore:easy_install command is deprecated setup.py egg_info --egg-base ../../build/py_launch_example build --build-base /home/user/launch_ws/build/py_launch_example/build install --record /home/user/launch_ws/build/py_launch_example/install.log --single-version-externally-managed install_data
[1.181s] running egg_info
[1.182s] creating ../../build/py_launch_example/py_launch_example.egg-info
[1.182s] writing ../../build/py_launch_example/py_launch_example.egg-info/PKG-INFO
[1.182s] writing dependency_links to ../../build/py_launch_example/py_launch_example.egg-info/dependency_links.txt
[1.182s] writing entry points to ../../build/py_launch_example/py_launch_example.egg-info/entry_points.txt
[1.182s] writing requirements to ../../build/py_launch_example/py_launch_example.egg-info/requires.txt
[1.182s] writing top-level names to ../../build/py_launch_example/py_launch_example.egg-info/top_level.txt
[1.183s] writing manifest file '../../build/py_launch_example/py_launch_example.egg-info/SOURCES.txt'
[1.206s] adding license file 'LICENSE:Zone.Identifier' (matched pattern 'LICEN[CS]E*')
[1.207s] adding license file 'LICENSE' (matched pattern 'LICEN[CS]E*')
[1.207s] reading manifest file '../../build/py_launch_example/py_launch_example.egg-info/SOURCES.txt'
[1.207s] writing manifest file '../../build/py_launch_example/py_launch_example.egg-info/SOURCES.txt'
[1.208s] running build
[1.208s] running build_py
[1.208s] creating /home/user/launch_ws/build/py_launch_example/build
[1.208s] creating /home/user/launch_ws/build/py_launch_example/build/lib
[1.208s] creating /home/user/launch_ws/build/py_launch_example/build/lib/py_launch_example
[1.208s] copying py_launch_example/__init__.py -> /home/user/launch_ws/build/py_launch_example/build/lib/py_launch_example
[1.208s] running install
[1.208s] running install_lib
[1.209s] creating /home/user/launch_ws/install/py_launch_example/lib/python3.10/site-packages/py_launch_example
[1.209s] copying /home/user/launch_ws/build/py_launch_example/build/lib/py_launch_example/__init__.py -> /home/user/launch_ws/install/py_launch_example/lib/python3.10/site-packages/py_launch_example
[1.211s] byte-compiling /home/user/launch_ws/install/py_launch_example/lib/python3.10/site-packages/py_launch_example/__init__.py to __init__.cpython-310.pyc
[1.211s] running install_data
[1.211s] creating /home/user/launch_ws/install/py_launch_example/share
[1.211s] creating /home/user/launch_ws/install/py_launch_example/share/ament_index
[1.211s] creating /home/user/launch_ws/install/py_launch_example/share/ament_index/resource_index
[1.212s] creating /home/user/launch_ws/install/py_launch_example/share/ament_index/resource_index/packages
[1.212s] copying resource/py_launch_example -> /home/user/launch_ws/install/py_launch_example/share/ament_index/resource_index/packages
[1.212s] creating /home/user/launch_ws/install/py_launch_example/share/py_launch_example
[1.212s] copying package.xml -> /home/user/launch_ws/install/py_launch_example/share/py_launch_example
[1.212s] copying launch/my_script_launch.py -> /home/user/launch_ws/install/py_launch_example/share/py_launch_example
[1.212s] running install_egg_info
[1.215s] Copying ../../build/py_launch_example/py_launch_example.egg-info to /home/user/launch_ws/install/py_launch_example/lib/python3.10/site-packages/py_launch_example-0.0.0-py3.10.egg-info
[1.215s] running install_scripts
[1.232s] writing list of installed files to '/home/user/launch_ws/build/py_launch_example/install.log'
[1.252s] Invoked command in '/home/user/launch_ws/src/py_launch_example' returned '0': PYTHONPATH=/home/user/launch_ws/build/py_launch_example/prefix_override:/usr/lib/python3/dist-packages/colcon_core/task/python/colcon_distutils_commands:/home/user/launch_ws/install/py_launch_example/lib/python3.10/site-packages:${PYTHONPATH} /usr/bin/python3 -W ignore:setup.py install is deprecated -W ignore:easy_install command is deprecated setup.py egg_info --egg-base ../../build/py_launch_example build --build-base /home/user/launch_ws/build/py_launch_example/build install --record /home/user/launch_ws/build/py_launch_example/install.log --single-version-externally-managed install_data
