[0.139s] DEBUG:colcon:Command line arguments: ['/usr/bin/colcon', 'build']
[0.140s] DEBUG:colcon:Parsed command line arguments: Namespace(log_base=None, log_level=None, verb_name='build', build_base='build', install_base='install', merge_install=False, symlink_install=False, test_result_base=None, continue_on_error=False, executor='parallel', parallel_workers=12, event_handlers=None, ignore_user_meta=False, metas=['./colcon.meta'], base_paths=['.'], packages_ignore=None, packages_ignore_regex=None, paths=None, packages_up_to=None, packages_up_to_regex=None, packages_above=None, packages_above_and_dependencies=None, packages_above_depth=None, packages_select_by_dep=None, packages_skip_by_dep=None, packages_skip_up_to=None, packages_select_build_failed=False, packages_skip_build_finished=False, packages_select_test_failures=False, packages_skip_test_passed=False, packages_select=None, packages_skip=None, packages_select_regex=None, packages_skip_regex=None, packages_start=None, packages_end=None, allow_overriding=[], cmake_args=None, cmake_target=None, cmake_target_skip_unavailable=False, cmake_clean_cache=False, cmake_clean_first=False, cmake_force_configure=False, ament_cmake_args=None, catkin_cmake_args=None, catkin_skip_building_tests=False, verb_parser=<colcon_defaults.argument_parser.defaults.DefaultArgumentsDecorator object at 0x7f7e6192f5b0>, verb_extension=<colcon_core.verb.build.BuildVerb object at 0x7f7e6192f0a0>, main=<bound method BuildVerb.main of <colcon_core.verb.build.BuildVerb object at 0x7f7e6192f0a0>>)
[0.273s] Level 1:colcon.colcon_core.package_discovery:discover_packages(colcon_meta) check parameters
[0.273s] Level 1:colcon.colcon_core.package_discovery:discover_packages(recursive) check parameters
[0.273s] Level 1:colcon.colcon_core.package_discovery:discover_packages(ignore) check parameters
[0.273s] Level 1:colcon.colcon_core.package_discovery:discover_packages(path) check parameters
[0.273s] Level 1:colcon.colcon_core.package_discovery:discover_packages(colcon_meta) discover
[0.273s] Level 1:colcon.colcon_core.package_discovery:discover_packages(recursive) discover
[0.273s] INFO:colcon.colcon_core.package_discovery:Crawling recursively for packages in '/home/jbittner/robot/launch_ws'
[0.273s] Level 1:colcon.colcon_core.package_identification:_identify(.) by extensions ['ignore', 'ignore_ament_install']
[0.274s] Level 1:colcon.colcon_core.package_identification:_identify(.) by extension 'ignore'
[0.274s] Level 1:colcon.colcon_core.package_identification:_identify(.) by extension 'ignore_ament_install'
[0.274s] Level 1:colcon.colcon_core.package_identification:_identify(.) by extensions ['colcon_pkg']
[0.274s] Level 1:colcon.colcon_core.package_identification:_identify(.) by extension 'colcon_pkg'
[0.274s] Level 1:colcon.colcon_core.package_identification:_identify(.) by extensions ['colcon_meta']
[0.274s] Level 1:colcon.colcon_core.package_identification:_identify(.) by extension 'colcon_meta'
[0.274s] Level 1:colcon.colcon_core.package_identification:_identify(.) by extensions ['ros']
[0.274s] Level 1:colcon.colcon_core.package_identification:_identify(.) by extension 'ros'
[0.282s] Level 1:colcon.colcon_core.package_identification:_identify(.) by extensions ['cmake', 'python']
[0.282s] Level 1:colcon.colcon_core.package_identification:_identify(.) by extension 'cmake'
[0.283s] Level 1:colcon.colcon_core.package_identification:_identify(.) by extension 'python'
[0.283s] Level 1:colcon.colcon_core.package_identification:_identify(.) by extensions ['python_setup_py']
[0.283s] Level 1:colcon.colcon_core.package_identification:_identify(.) by extension 'python_setup_py'
[0.283s] Level 1:colcon.colcon_core.package_identification:_identify(build) by extensions ['ignore', 'ignore_ament_install']
[0.283s] Level 1:colcon.colcon_core.package_identification:_identify(build) by extension 'ignore'
[0.283s] Level 1:colcon.colcon_core.package_identification:_identify(build) ignored
[0.283s] Level 1:colcon.colcon_core.package_identification:_identify(install) by extensions ['ignore', 'ignore_ament_install']
[0.283s] Level 1:colcon.colcon_core.package_identification:_identify(install) by extension 'ignore'
[0.283s] Level 1:colcon.colcon_core.package_identification:_identify(install) ignored
[0.283s] Level 1:colcon.colcon_core.package_identification:_identify(log) by extensions ['ignore', 'ignore_ament_install']
[0.283s] Level 1:colcon.colcon_core.package_identification:_identify(log) by extension 'ignore'
[0.283s] Level 1:colcon.colcon_core.package_identification:_identify(log) ignored
[0.283s] Level 1:colcon.colcon_core.package_identification:_identify(scripts) by extensions ['ignore', 'ignore_ament_install']
[0.283s] Level 1:colcon.colcon_core.package_identification:_identify(scripts) by extension 'ignore'
[0.283s] Level 1:colcon.colcon_core.package_identification:_identify(scripts) by extension 'ignore_ament_install'
[0.283s] Level 1:colcon.colcon_core.package_identification:_identify(scripts) by extensions ['colcon_pkg']
[0.283s] Level 1:colcon.colcon_core.package_identification:_identify(scripts) by extension 'colcon_pkg'
[0.283s] Level 1:colcon.colcon_core.package_identification:_identify(scripts) by extensions ['colcon_meta']
[0.283s] Level 1:colcon.colcon_core.package_identification:_identify(scripts) by extension 'colcon_meta'
[0.284s] Level 1:colcon.colcon_core.package_identification:_identify(scripts) by extensions ['ros']
[0.284s] Level 1:colcon.colcon_core.package_identification:_identify(scripts) by extension 'ros'
[0.284s] Level 1:colcon.colcon_core.package_identification:_identify(scripts) by extensions ['cmake', 'python']
[0.284s] Level 1:colcon.colcon_core.package_identification:_identify(scripts) by extension 'cmake'
[0.284s] Level 1:colcon.colcon_core.package_identification:_identify(scripts) by extension 'python'
[0.284s] Level 1:colcon.colcon_core.package_identification:_identify(scripts) by extensions ['python_setup_py']
[0.284s] Level 1:colcon.colcon_core.package_identification:_identify(scripts) by extension 'python_setup_py'
[0.284s] Level 1:colcon.colcon_core.package_identification:_identify(src) by extensions ['ignore', 'ignore_ament_install']
[0.284s] Level 1:colcon.colcon_core.package_identification:_identify(src) by extension 'ignore'
[0.284s] Level 1:colcon.colcon_core.package_identification:_identify(src) by extension 'ignore_ament_install'
[0.284s] Level 1:colcon.colcon_core.package_identification:_identify(src) by extensions ['colcon_pkg']
[0.284s] Level 1:colcon.colcon_core.package_identification:_identify(src) by extension 'colcon_pkg'
[0.284s] Level 1:colcon.colcon_core.package_identification:_identify(src) by extensions ['colcon_meta']
[0.284s] Level 1:colcon.colcon_core.package_identification:_identify(src) by extension 'colcon_meta'
[0.284s] Level 1:colcon.colcon_core.package_identification:_identify(src) by extensions ['ros']
[0.284s] Level 1:colcon.colcon_core.package_identification:_identify(src) by extension 'ros'
[0.284s] Level 1:colcon.colcon_core.package_identification:_identify(src) by extensions ['cmake', 'python']
[0.284s] Level 1:colcon.colcon_core.package_identification:_identify(src) by extension 'cmake'
[0.284s] Level 1:colcon.colcon_core.package_identification:_identify(src) by extension 'python'
[0.284s] Level 1:colcon.colcon_core.package_identification:_identify(src) by extensions ['python_setup_py']
[0.284s] Level 1:colcon.colcon_core.package_identification:_identify(src) by extension 'python_setup_py'
[0.284s] Level 1:colcon.colcon_core.package_identification:_identify(src/py_launch_example) by extensions ['ignore', 'ignore_ament_install']
[0.284s] Level 1:colcon.colcon_core.package_identification:_identify(src/py_launch_example) by extension 'ignore'
[0.285s] Level 1:colcon.colcon_core.package_identification:_identify(src/py_launch_example) by extension 'ignore_ament_install'
[0.285s] Level 1:colcon.colcon_core.package_identification:_identify(src/py_launch_example) by extensions ['colcon_pkg']
[0.285s] Level 1:colcon.colcon_core.package_identification:_identify(src/py_launch_example) by extension 'colcon_pkg'
[0.285s] Level 1:colcon.colcon_core.package_identification:_identify(src/py_launch_example) by extensions ['colcon_meta']
[0.285s] Level 1:colcon.colcon_core.package_identification:_identify(src/py_launch_example) by extension 'colcon_meta'
[0.285s] Level 1:colcon.colcon_core.package_identification:_identify(src/py_launch_example) by extensions ['ros']
[0.285s] Level 1:colcon.colcon_core.package_identification:_identify(src/py_launch_example) by extension 'ros'
[0.286s] DEBUG:colcon.colcon_core.package_identification:Package 'src/py_launch_example' with type 'ros.ament_python' and name 'py_launch_example'
[0.287s] Level 1:colcon.colcon_core.package_discovery:discover_packages(recursive) using defaults
[0.287s] Level 1:colcon.colcon_core.package_discovery:discover_packages(ignore) discover
[0.287s] Level 1:colcon.colcon_core.package_discovery:discover_packages(ignore) using defaults
[0.287s] Level 1:colcon.colcon_core.package_discovery:discover_packages(path) discover
[0.287s] Level 1:colcon.colcon_core.package_discovery:discover_packages(path) using defaults
[0.302s] Level 1:colcon.colcon_core.package_discovery:discover_packages(prefix_path) check parameters
[0.302s] Level 1:colcon.colcon_core.package_discovery:discover_packages(prefix_path) discover
[0.303s] DEBUG:colcon.colcon_installed_package_information.package_discovery:Found 1 installed packages in /home/jbittner/robot/launch_ws/install
[0.305s] DEBUG:colcon.colcon_installed_package_information.package_discovery:Found 396 installed packages in /opt/ros/humble
[0.312s] Level 1:colcon.colcon_core.package_discovery:discover_packages(prefix_path) using defaults
[0.352s] Level 5:colcon.colcon_core.verb:set package 'py_launch_example' build argument 'cmake_args' from command line to 'None'
[0.353s] Level 5:colcon.colcon_core.verb:set package 'py_launch_example' build argument 'cmake_target' from command line to 'None'
[0.353s] Level 5:colcon.colcon_core.verb:set package 'py_launch_example' build argument 'cmake_target_skip_unavailable' from command line to 'False'
[0.353s] Level 5:colcon.colcon_core.verb:set package 'py_launch_example' build argument 'cmake_clean_cache' from command line to 'False'
[0.353s] Level 5:colcon.colcon_core.verb:set package 'py_launch_example' build argument 'cmake_clean_first' from command line to 'False'
[0.353s] Level 5:colcon.colcon_core.verb:set package 'py_launch_example' build argument 'cmake_force_configure' from command line to 'False'
[0.353s] Level 5:colcon.colcon_core.verb:set package 'py_launch_example' build argument 'ament_cmake_args' from command line to 'None'
[0.353s] Level 5:colcon.colcon_core.verb:set package 'py_launch_example' build argument 'catkin_cmake_args' from command line to 'None'
[0.353s] Level 5:colcon.colcon_core.verb:set package 'py_launch_example' build argument 'catkin_skip_building_tests' from command line to 'False'
[0.353s] DEBUG:colcon.colcon_core.verb:Building package 'py_launch_example' with the following arguments: {'ament_cmake_args': None, 'build_base': '/home/jbittner/robot/launch_ws/build/py_launch_example', 'catkin_cmake_args': None, 'catkin_skip_building_tests': False, 'cmake_args': None, 'cmake_clean_cache': False, 'cmake_clean_first': False, 'cmake_force_configure': False, 'cmake_target': None, 'cmake_target_skip_unavailable': False, 'install_base': '/home/jbittner/robot/launch_ws/install/py_launch_example', 'merge_install': False, 'path': '/home/jbittner/robot/launch_ws/src/py_launch_example', 'symlink_install': False, 'test_result_base': None}
[0.353s] INFO:colcon.colcon_core.executor:Executing jobs using 'parallel' executor
[0.354s] DEBUG:colcon.colcon_parallel_executor.executor.parallel:run_until_complete
[0.354s] INFO:colcon.colcon_ros.task.ament_python.build:Building ROS package in '/home/jbittner/robot/launch_ws/src/py_launch_example' with build type 'ament_python'
[0.354s] Level 1:colcon.colcon_core.shell:create_environment_hook('py_launch_example', 'ament_prefix_path')
[0.356s] INFO:colcon.colcon_core.plugin_system:Skipping extension 'colcon_core.shell.bat': Not used on non-Windows systems
[0.356s] INFO:colcon.colcon_core.shell:Creating environment hook '/home/jbittner/robot/launch_ws/install/py_launch_example/share/py_launch_example/hook/ament_prefix_path.ps1'
[0.357s] INFO:colcon.colcon_core.shell:Creating environment descriptor '/home/jbittner/robot/launch_ws/install/py_launch_example/share/py_launch_example/hook/ament_prefix_path.dsv'
[0.357s] INFO:colcon.colcon_core.shell:Creating environment hook '/home/jbittner/robot/launch_ws/install/py_launch_example/share/py_launch_example/hook/ament_prefix_path.sh'
[0.358s] INFO:colcon.colcon_core.shell:Skip shell extension 'powershell' for command environment: Not usable outside of PowerShell
[0.358s] DEBUG:colcon.colcon_core.shell:Skip shell extension 'dsv' for command environment
[0.570s] INFO:colcon.colcon_core.task.python.build:Building Python package in '/home/jbittner/robot/launch_ws/src/py_launch_example'
[0.570s] INFO:colcon.colcon_core.shell:Skip shell extension 'powershell' for command environment: Not usable outside of PowerShell
[0.570s] DEBUG:colcon.colcon_core.shell:Skip shell extension 'dsv' for command environment
[0.853s] DEBUG:colcon.colcon_core.event_handler.log_command:Invoking command in '/home/jbittner/robot/launch_ws/src/py_launch_example': PYTHONPATH=/home/jbittner/robot/launch_ws/build/py_launch_example/prefix_override:/usr/lib/python3/dist-packages/colcon_core/task/python/colcon_distutils_commands:/home/jbittner/robot/launch_ws/install/py_launch_example/lib/python3.10/site-packages:${PYTHONPATH} /usr/bin/python3 -W ignore:setup.py install is deprecated -W ignore:easy_install command is deprecated setup.py egg_info --egg-base ../../build/py_launch_example build --build-base /home/jbittner/robot/launch_ws/build/py_launch_example/build install --record /home/jbittner/robot/launch_ws/build/py_launch_example/install.log --single-version-externally-managed install_data
[1.085s] DEBUG:colcon.colcon_core.event_handler.log_command:Invoked command in '/home/jbittner/robot/launch_ws/src/py_launch_example' returned '0': PYTHONPATH=/home/jbittner/robot/launch_ws/build/py_launch_example/prefix_override:/usr/lib/python3/dist-packages/colcon_core/task/python/colcon_distutils_commands:/home/jbittner/robot/launch_ws/install/py_launch_example/lib/python3.10/site-packages:${PYTHONPATH} /usr/bin/python3 -W ignore:setup.py install is deprecated -W ignore:easy_install command is deprecated setup.py egg_info --egg-base ../../build/py_launch_example build --build-base /home/jbittner/robot/launch_ws/build/py_launch_example/build install --record /home/jbittner/robot/launch_ws/build/py_launch_example/install.log --single-version-externally-managed install_data
[1.087s] Level 1:colcon.colcon_core.environment:checking '/home/jbittner/robot/launch_ws/install/py_launch_example' for CMake module files
[1.087s] Level 1:colcon.colcon_core.environment:checking '/home/jbittner/robot/launch_ws/install/py_launch_example' for CMake config files
[1.087s] Level 1:colcon.colcon_core.environment:checking '/home/jbittner/robot/launch_ws/install/py_launch_example/lib'
[1.088s] Level 1:colcon.colcon_core.environment:checking '/home/jbittner/robot/launch_ws/install/py_launch_example/bin'
[1.088s] Level 1:colcon.colcon_core.environment:checking '/home/jbittner/robot/launch_ws/install/py_launch_example/lib/pkgconfig/py_launch_example.pc'
[1.088s] Level 1:colcon.colcon_core.environment:checking '/home/jbittner/robot/launch_ws/install/py_launch_example/lib/python3.10/site-packages'
[1.088s] Level 1:colcon.colcon_core.shell:create_environment_hook('py_launch_example', 'pythonpath')
[1.088s] INFO:colcon.colcon_core.shell:Creating environment hook '/home/jbittner/robot/launch_ws/install/py_launch_example/share/py_launch_example/hook/pythonpath.ps1'
[1.088s] INFO:colcon.colcon_core.shell:Creating environment descriptor '/home/jbittner/robot/launch_ws/install/py_launch_example/share/py_launch_example/hook/pythonpath.dsv'
[1.089s] INFO:colcon.colcon_core.shell:Creating environment hook '/home/jbittner/robot/launch_ws/install/py_launch_example/share/py_launch_example/hook/pythonpath.sh'
[1.089s] Level 1:colcon.colcon_core.environment:checking '/home/jbittner/robot/launch_ws/install/py_launch_example/bin'
[1.089s] Level 1:colcon.colcon_core.environment:create_environment_scripts_only(py_launch_example)
[1.089s] INFO:colcon.colcon_core.shell:Creating package script '/home/jbittner/robot/launch_ws/install/py_launch_example/share/py_launch_example/package.ps1'
[1.090s] INFO:colcon.colcon_core.shell:Creating package descriptor '/home/jbittner/robot/launch_ws/install/py_launch_example/share/py_launch_example/package.dsv'
[1.091s] INFO:colcon.colcon_core.shell:Creating package script '/home/jbittner/robot/launch_ws/install/py_launch_example/share/py_launch_example/package.sh'
[1.091s] INFO:colcon.colcon_core.shell:Creating package script '/home/jbittner/robot/launch_ws/install/py_launch_example/share/py_launch_example/package.bash'
[1.092s] INFO:colcon.colcon_core.shell:Creating package script '/home/jbittner/robot/launch_ws/install/py_launch_example/share/py_launch_example/package.zsh'
[1.092s] Level 1:colcon.colcon_core.environment:create_file_with_runtime_dependencies(/home/jbittner/robot/launch_ws/install/py_launch_example/share/colcon-core/packages/py_launch_example)
[1.093s] DEBUG:colcon.colcon_parallel_executor.executor.parallel:closing loop
[1.093s] DEBUG:colcon.colcon_parallel_executor.executor.parallel:loop closed
[1.093s] DEBUG:colcon.colcon_parallel_executor.executor.parallel:run_until_complete finished with '0'
[1.093s] DEBUG:colcon.colcon_core.event_reactor:joining thread
[1.126s] INFO:colcon.colcon_core.plugin_system:Skipping extension 'colcon_notification.desktop_notification.notify_send': Could not find 'notify-send'
[1.126s] INFO:colcon.colcon_core.plugin_system:Skipping extension 'colcon_notification.desktop_notification.terminal_notifier': Not used on non-Darwin systems
[1.126s] INFO:colcon.colcon_core.plugin_system:Skipping extension 'colcon_notification.desktop_notification.win32': Not used on non-Windows systems
[1.126s] INFO:colcon.colcon_notification.desktop_notification:Sending desktop notification using 'notify2'
[1.127s] DEBUG:colcon.colcon_notification.desktop_notification.notify2:Failed to initialize notify2: org.freedesktop.DBus.Error.ServiceUnknown: The name org.freedesktop.Notifications was not provided by any .service files
[1.127s] DEBUG:colcon.colcon_core.event_reactor:joined thread
[1.127s] INFO:colcon.colcon_core.shell:Creating prefix script '/home/jbittner/robot/launch_ws/install/local_setup.ps1'
[1.128s] INFO:colcon.colcon_core.shell:Creating prefix util module '/home/jbittner/robot/launch_ws/install/_local_setup_util_ps1.py'
[1.129s] INFO:colcon.colcon_core.shell:Creating prefix chain script '/home/jbittner/robot/launch_ws/install/setup.ps1'
[1.130s] INFO:colcon.colcon_core.shell:Creating prefix script '/home/jbittner/robot/launch_ws/install/local_setup.sh'
[1.130s] INFO:colcon.colcon_core.shell:Creating prefix util module '/home/jbittner/robot/launch_ws/install/_local_setup_util_sh.py'
[1.131s] INFO:colcon.colcon_core.shell:Creating prefix chain script '/home/jbittner/robot/launch_ws/install/setup.sh'
[1.132s] INFO:colcon.colcon_core.shell:Creating prefix script '/home/jbittner/robot/launch_ws/install/local_setup.bash'
[1.132s] INFO:colcon.colcon_core.shell:Creating prefix chain script '/home/jbittner/robot/launch_ws/install/setup.bash'
[1.133s] INFO:colcon.colcon_core.shell:Creating prefix script '/home/jbittner/robot/launch_ws/install/local_setup.zsh'
[1.133s] INFO:colcon.colcon_core.shell:Creating prefix chain script '/home/jbittner/robot/launch_ws/install/setup.zsh'
